This file contains any messages produced by compilers while
running configure, to aid debugging if configure makes a mistake.

It was created by MyBigCProject configure 1.0, which was
generated by GNU Autoconf 2.72.  Invocation command line was

  $ ./configure

## --------- ##
## Platform. ##
## --------- ##

hostname = DESKTOP-A39VS9T
uname -m = x86_64
uname -r = 3.5.4-0bc1222b.x86_64
uname -s = MINGW64_NT-10.0-22631
uname -v = 2024-09-04 18:28 UTC

/usr/bin/uname -p = unknown
/bin/uname -X     = unknown

/bin/arch              = x86_64
/usr/bin/arch -k       = unknown
/usr/convex/getsysinfo = unknown
/usr/bin/hostinfo      = unknown
/bin/machine           = unknown
/usr/bin/oslevel       = unknown
/bin/universe          = unknown

PATH: /mingw64/bin/
PATH: /usr/local/bin/
PATH: /usr/bin/
PATH: /bin/
PATH: /c/Windows/System32/
PATH: /c/Windows/
PATH: /c/Windows/System32/Wbem/
PATH: /c/Windows/System32/WindowsPowerShell/v1.0/
PATH: /usr/bin/site_perl/
PATH: /usr/bin/vendor_perl/
PATH: /usr/bin/core_perl/


## ----------- ##
## Core tests. ##
## ----------- ##

configure:1792: loading site script /etc/config.site
| # This file is in public domain.
| # Original author: Karlson2k (Evgeny Grin)
| # Written for MSys2 to help running 'configure' scripts
| 
| # Defaults for MSys2/MinGW64-targeted programs
| 
| # Set proper selfname on bash and fallback to default name on other shells
| test -n "${BASH_SOURCE}" 2>/dev/null && config_site_me="${BASH_SOURCE[0]##*/}" || config_site_me=config.site
| 
| # Set default 'host' to speedup configure
| if test -z "$build_alias"; then
|   build_alias="${MSYSTEM_CHOST}"  && \
|     ${as_echo-echo} "$config_site_me:${as_lineno-$LINENO}: default build_alias set to $build_alias" >&5
| fi
| 
| # Set default 'prefix'
| if ( test -z "$prefix" || test "x$prefix" = "xNONE" ) && \
|     ( test -z "$exec_prefix" || test "x$exec_prefix" = "xNONE" ); then
|   prefix="${MSYSTEM_PREFIX}" && \
|     ${as_echo-echo} "$config_site_me:${as_lineno-$LINENO}: default prefix set to $prefix" >&5
| fi
config.site:13: default build_alias set to x86_64-w64-mingw32
config.site:20: default prefix set to /mingw64
configure:2159: looking for aux files: missing install-sh compile
configure:2172:  trying ./
configure:2201:   ./missing found
configure:2183:   ./install-sh found
configure:2201:   ./compile found
configure:2381: checking for gcc
configure:2402: found /mingw64/bin/gcc
configure:2414: result: gcc
configure:2773: checking for C compiler version
configure:2782: gcc --version >&5
gcc.exe (Rev1, Built by MSYS2 project) 14.2.0
Copyright (C) 2024 Free Software Foundation, Inc.
This is free software; see the source for copying conditions.  There is NO
warranty; not even for MERCHANTABILITY or FITNESS FOR A PARTICULAR PURPOSE.

configure:2793: $? = 0
configure:2782: gcc -v >&5
Using built-in specs.
COLLECT_GCC=C:\msys64\mingw64\bin\gcc.exe
COLLECT_LTO_WRAPPER=C:/msys64/mingw64/bin/../lib/gcc/x86_64-w64-mingw32/14.2.0/lto-wrapper.exe
Target: x86_64-w64-mingw32
Configured with: ../gcc-14.2.0/configure --prefix=/mingw64 --with-local-prefix=/mingw64/local --build=x86_64-w64-mingw32 --host=x86_64-w64-mingw32 --target=x86_64-w64-mingw32 --with-native-system-header-dir=/mingw64/include --libexecdir=/mingw64/lib --enable-bootstrap --enable-checking=release --with-arch=nocona --with-tune=generic --enable-languages=c,lto,c++,fortran,ada,objc,obj-c++,rust,jit --enable-shared --enable-static --enable-libatomic --enable-threads=posix --enable-graphite --enable-fully-dynamic-string --enable-libstdcxx-filesystem-ts --enable-libstdcxx-time --disable-libstdcxx-pch --enable-lto --enable-libgomp --disable-libssp --disable-multilib --disable-rpath --disable-win32-registry --disable-nls --disable-werror --disable-symvers --with-libiconv --with-system-zlib --with-gmp=/mingw64 --with-mpfr=/mingw64 --with-mpc=/mingw64 --with-isl=/mingw64 --with-pkgversion='Rev1, Built by MSYS2 project' --with-bugurl=https://github.com/msys2/MINGW-packages/issues --with-gnu-as --with-gnu-ld --disable-libstdcxx-debug --enable-plugin --with-boot-ldflags=-static-libstdc++ --with-stage1-ldflags=-static-libstdc++
Thread model: posix
Supported LTO compression algorithms: zlib zstd
gcc version 14.2.0 (Rev1, Built by MSYS2 project) 
configure:2793: $? = 0
configure:2782: gcc -V >&5
gcc.exe: error: unrecognized command-line option '-V'
gcc.exe: fatal error: no input files
compilation terminated.
configure:2793: $? = 1
configure:2782: gcc -qversion >&5
gcc.exe: error: unrecognized command-line option '-qversion'; did you mean '--version'?
gcc.exe: fatal error: no input files
compilation terminated.
configure:2793: $? = 1
configure:2782: gcc -version >&5
gcc.exe: error: unrecognized command-line option '-version'
gcc.exe: fatal error: no input files
compilation terminated.
configure:2793: $? = 1
configure:2813: checking whether the C compiler works
configure:2835: gcc    conftest.c  >&5
configure:2839: $? = 0
configure:2890: result: yes
configure:2894: checking for C compiler default output file name
configure:2896: result: a.exe
configure:2902: checking for suffix of executables
configure:2909: gcc -o conftest.exe    conftest.c  >&5
configure:2913: $? = 0
configure:2937: result: .exe
configure:2961: checking whether we are cross compiling
configure:2969: gcc -o conftest.exe    conftest.c  >&5
configure:2973: $? = 0
configure:2980: ./conftest.exe
configure:2984: $? = 0
configure:2999: result: no
configure:3005: checking for suffix of object files
configure:3028: gcc -c   conftest.c >&5
configure:3032: $? = 0
configure:3056: result: o
configure:3060: checking whether the compiler supports GNU C
configure:3080: gcc -c   conftest.c >&5
configure:3080: $? = 0
configure:3092: result: yes
configure:3103: checking whether gcc accepts -g
configure:3124: gcc -c -g  conftest.c >&5
configure:3124: $? = 0
configure:3171: result: yes
configure:3191: checking for gcc option to enable C11 features
configure:3206: gcc  -c -g -O2  conftest.c >&5
configure:3206: $? = 0
configure:3225: result: none needed
configure:3354: checking whether gcc understands -c and -o together
configure:3377: gcc -c conftest.c -o conftest2.o
configure:3380: $? = 0
configure:3377: gcc -c conftest.c -o conftest2.o
configure:3380: $? = 0
configure:3393: result: yes
configure:3413: checking for main in -lm
configure:3433: gcc -o conftest.exe -g -O2   conftest.c -lm   >&5
configure:3433: $? = 0
configure:3445: result: yes
configure:3477: checking for a BSD-compatible install
configure:3551: result: /usr/bin/install -c
configure:3562: checking whether sleep supports fractional seconds
configure:3578: result: yes
configure:3581: checking filesystem timestamp resolution
configure:3716: result: 0.01
configure:3721: checking whether build environment is sane
configure:3762: result: yes
configure:3929: checking for a race-free mkdir -p
configure:3972: result: /usr/bin/mkdir -p
configure:3979: checking for gawk
configure:4000: found /usr/bin/gawk
configure:4012: result: gawk
configure:4023: checking whether make sets $(MAKE)
configure:4051: result: no
configure:4069: checking whether make supports the include directive
configure:4084: make -f confmf.GNU && cat confinc.out
./configure: line 4085: make: command not found
configure:4087: $? = 127
configure:4084: make -f confmf.BSD && cat confinc.out
./configure: line 4085: make: command not found
configure:4087: $? = 127
configure:4106: result: no
configure:4137: checking whether make supports nested variables
configure:4156: result: no
configure:4170: checking xargs -n works
configure:4186: result: yes
configure:4267: checking dependency style of gcc
configure:4380: result: none
configure:4520: checking that generated files are newer than configure
configure:4526: result: done
configure:4561: creating ./config.status

## ---------------------- ##
## Running config.status. ##
## ---------------------- ##

This file was extended by MyBigCProject config.status 1.0, which was
generated by GNU Autoconf 2.72.  Invocation command line was

  CONFIG_FILES    = 
  CONFIG_HEADERS  = 
  CONFIG_LINKS    = 
  CONFIG_COMMANDS = 
  $ ./config.status 

on DESKTOP-A39VS9T

config.status:844: creating Makefile
config.status:844: creating src/Makefile
config.status:844: creating tests/Makefile
config.status:844: creating config.h
config.status:1073: executing depfiles commands
config.status:1150: cd src       && sed -e '/# am--include-marker/d' Makefile         | make -f - am--depfiles
./config.status: line 1153: make: command not found
config.status:1155: $? = 127
config.status:1150: cd tests       && sed -e '/# am--include-marker/d' Makefile         | make -f - am--depfiles
./config.status: line 1153: make: command not found
config.status:1155: $? = 127
config.status:1159: error: in '/c/Users/DELL/MyBigCProject':
config.status:1161: error: Something went wrong bootstrapping makefile fragments
    for automatic dependency tracking.  If GNU make was not used, consider
    re-running the configure script with MAKE="gmake" (or whatever is
    necessary).  You can also try re-running configure with the
    '--disable-dependency-tracking' option to at least be able to build
    the package (albeit without support for automatic dependency tracking).
See 'config.log' for more details

## ---------------- ##
## Cache variables. ##
## ---------------- ##

ac_cv_c_compiler_gnu=yes
ac_cv_env_CC_set=
ac_cv_env_CC_value=
ac_cv_env_CFLAGS_set=
ac_cv_env_CFLAGS_value=
ac_cv_env_CPPFLAGS_set=
ac_cv_env_CPPFLAGS_value=
ac_cv_env_LDFLAGS_set=
ac_cv_env_LDFLAGS_value=
ac_cv_env_LIBS_set=
ac_cv_env_LIBS_value=
ac_cv_env_build_alias_set=
ac_cv_env_build_alias_value=
ac_cv_env_host_alias_set=
ac_cv_env_host_alias_value=
ac_cv_env_target_alias_set=
ac_cv_env_target_alias_value=
ac_cv_exeext=.exe
ac_cv_lib_m_main=yes
ac_cv_objext=o
ac_cv_path_install='/usr/bin/install -c'
ac_cv_path_mkdir=/usr/bin/mkdir
ac_cv_prog_AWK=gawk
ac_cv_prog_ac_ct_CC=gcc
ac_cv_prog_cc_c11=
ac_cv_prog_cc_g=yes
ac_cv_prog_cc_stdc=
ac_cv_prog_make_make_set=no
am_cv_CC_dependencies_compiler_type=none
am_cv_filesystem_timestamp_resolution=0.01
am_cv_make_support_nested_variables=no
am_cv_prog_cc_c_o=yes
am_cv_sleep_fractional_seconds=yes
am_cv_xargs_n_works=yes

## ----------------- ##
## Output variables. ##
## ----------------- ##

ACLOCAL='${SHELL} '\''/c/Users/DELL/MyBigCProject/missing'\'' aclocal-1.17'
AMDEPBACKSLASH='\'
AMDEP_FALSE='#'
AMDEP_TRUE=''
AMTAR='$${TAR-tar}'
AM_BACKSLASH='\'
AM_DEFAULT_V='1'
AM_DEFAULT_VERBOSITY='1'
AM_V='1'
AUTOCONF='${SHELL} '\''/c/Users/DELL/MyBigCProject/missing'\'' autoconf'
AUTOHEADER='${SHELL} '\''/c/Users/DELL/MyBigCProject/missing'\'' autoheader'
AUTOMAKE='${SHELL} '\''/c/Users/DELL/MyBigCProject/missing'\'' automake-1.17'
AWK='gawk'
CC='gcc'
CCDEPMODE='depmode=none'
CFLAGS='-g -O2'
CPPFLAGS=''
CSCOPE='cscope'
CTAGS='ctags'
CYGPATH_W='cygpath -w'
DEFS='-DHAVE_CONFIG_H'
DEPDIR='.deps'
ECHO_C=''
ECHO_N='-n'
ECHO_T=''
ETAGS='etags'
EXEEXT='.exe'
INSTALL_DATA='${INSTALL} -m 644'
INSTALL_PROGRAM='${INSTALL}'
INSTALL_SCRIPT='${INSTALL}'
INSTALL_STRIP_PROGRAM='$(install_sh) -c -s'
LDFLAGS=''
LIBOBJS=''
LIBS='-lm '
LTLIBOBJS=''
MAKEINFO='${SHELL} '\''/c/Users/DELL/MyBigCProject/missing'\'' makeinfo'
MKDIR_P='/usr/bin/mkdir -p'
OBJEXT='o'
PACKAGE='mybigcproject'
PACKAGE_BUGREPORT='maintainer@example.com'
PACKAGE_NAME='MyBigCProject'
PACKAGE_STRING='MyBigCProject 1.0'
PACKAGE_TARNAME='mybigcproject'
PACKAGE_URL=''
PACKAGE_VERSION='1.0'
PATH_SEPARATOR=':'
SET_MAKE='MAKE=make'
SHELL='/bin/sh'
STRIP=''
VERSION='1.0'
ac_ct_CC='gcc'
am__EXEEXT_FALSE='#'
am__EXEEXT_TRUE=''
am__fastdepCC_FALSE=''
am__fastdepCC_TRUE='#'
am__include='#'
am__isrc=''
am__leading_dot='.'
am__nodep='_no'
am__quote=''
am__rm_f_notfound=''
am__tar='$${TAR-tar} chof - "$$tardir"'
am__untar='$${TAR-tar} xf -'
am__xargs_n='xargs -n'
bindir='${exec_prefix}/bin'
build_alias='x86_64-w64-mingw32'
datadir='${datarootdir}'
datarootdir='${prefix}/share'
docdir='${datarootdir}/doc/${PACKAGE_TARNAME}'
dvidir='${docdir}'
exec_prefix='${prefix}'
host_alias=''
htmldir='${docdir}'
includedir='${prefix}/include'
infodir='${datarootdir}/info'
install_sh='${SHELL} /c/Users/DELL/MyBigCProject/install-sh'
libdir='${exec_prefix}/lib'
libexecdir='${exec_prefix}/libexec'
localedir='${datarootdir}/locale'
localstatedir='${prefix}/var'
mandir='${datarootdir}/man'
mkdir_p='$(MKDIR_P)'
oldincludedir='/usr/include'
pdfdir='${docdir}'
prefix='/mingw64'
program_transform_name='s,x,x,'
psdir='${docdir}'
runstatedir='${localstatedir}/run'
sbindir='${exec_prefix}/sbin'
sharedstatedir='${prefix}/com'
sysconfdir='${prefix}/etc'
target_alias=''

## ----------- ##
## confdefs.h. ##
## ----------- ##

/* confdefs.h */
#define PACKAGE_NAME "MyBigCProject"
#define PACKAGE_TARNAME "mybigcproject"
#define PACKAGE_VERSION "1.0"
#define PACKAGE_STRING "MyBigCProject 1.0"
#define PACKAGE_BUGREPORT "maintainer@example.com"
#define PACKAGE_URL ""
#define HAVE_LIBM 1
#define PACKAGE "mybigcproject"
#define VERSION "1.0"

configure: exit 1
